<?xml version="1.0" encoding="UTF-8" ?>
<testsuite tests="21" failures="0" name="uk.ac.ed.inf.AppTest" time="0.296" errors="0" skipped="0">
  <properties>
[...]
</properties>
  <testcase classname="uk.ac.ed.inf.AppTest" name="testCloseToFalse" time="0"/>
  <testcase classname="uk.ac.ed.inf.AppTest" name="testAngle20" time="0"/>
  <testcase classname="uk.ac.ed.inf.AppTest" name="testAngle50" time="0"/>
  <testcase classname="uk.ac.ed.inf.AppTest" name="testAngle90" time="0"/>
  <testcase classname="uk.ac.ed.inf.AppTest" name="testCloseToTrue" time="0"/>
  <testcase classname="uk.ac.ed.inf.AppTest" name="testMenusFourA" time="0.273"/>
  <testcase classname="uk.ac.ed.inf.AppTest" name="testMenusFourB" time="0.011"/>
  <testcase classname="uk.ac.ed.inf.AppTest" name="testMenusThree" time="0.004"/>
  <testcase classname="uk.ac.ed.inf.AppTest" name="testAngle140" time="0"/>
  <testcase classname="uk.ac.ed.inf.AppTest" name="testAngle190" time="0"/>
  <testcase classname="uk.ac.ed.inf.AppTest" name="testAngle260" time="0"/>
  <testcase classname="uk.ac.ed.inf.AppTest" name="testAngle300" time="0"/>
  <testcase classname="uk.ac.ed.inf.AppTest" name="testAngle350" time="0"/>
  <testcase classname="uk.ac.ed.inf.AppTest" name="testAngle999" time="0"/>
  <testcase classname="uk.ac.ed.inf.AppTest" name="testMenusOne" time="0.005"/>
  <testcase classname="uk.ac.ed.inf.AppTest" name="testMenusTwo" time="0.003"/>
  <testcase classname="uk.ac.ed.inf.AppTest" name="testAngle0" time="0"/>
  <testcase classname="uk.ac.ed.inf.AppTest" name="testIsConfinedFalse" time="0"/>
  <testcase classname="uk.ac.ed.inf.AppTest" name="testIsConfinedTrueA" time="0"/>
  <testcase classname="uk.ac.ed.inf.AppTest" name="testIsConfinedTrueB" time="0"/>
  <testcase classname="uk.ac.ed.inf.AppTest" name="testDistanceTo" time="0"/>
</testsuite>